-- The C compiler identification is GNU 7.5.0
-- The CXX compiler identification is GNU 7.5.0
-- Check for working C compiler: /usr/bin/cc
-- Check for working C compiler: /usr/bin/cc -- works
-- Detecting C compiler ABI info
-- Detecting C compiler ABI info - done
-- Detecting C compile features
-- Detecting C compile features - done
-- Check for working CXX compiler: /usr/bin/c++
-- Check for working CXX compiler: /usr/bin/c++ -- works
-- Detecting CXX compiler ABI info
-- Detecting CXX compiler ABI info - done
-- Detecting CXX compile features
-- Detecting CXX compile features - done
-- Using CATKIN_DEVEL_PREFIX: /home/marius/Mobee-LoomoTesting/build/Project/devel
-- Using CMAKE_PREFIX_PATH: /opt/ros/melodic
-- This workspace overlays: /opt/ros/melodic
-- Found PythonInterp: /usr/bin/python2 (found suitable version "2.7.17", minimum required is "2") 
-- Using PYTHON_EXECUTABLE: /usr/bin/python2
-- Using Debian Python package layout
-- Using empy: /usr/bin/empy
-- Using CATKIN_ENABLE_TESTING: ON
-- Call enable_testing()
-- Using CATKIN_TEST_RESULTS_DIR: /home/marius/Mobee-LoomoTesting/build/Project/test_results
-- Found gtest sources under '/usr/src/googletest': gtests will be built
-- Found gmock sources under '/usr/src/googletest': gmock will be built
-- Found PythonInterp: /usr/bin/python2 (found version "2.7.17") 
-- Looking for pthread.h
-- Looking for pthread.h - found
-- Looking for pthread_create
-- Looking for pthread_create - not found
-- Looking for pthread_create in pthreads
-- Looking for pthread_create in pthreads - not found
-- Looking for pthread_create in pthread
-- Looking for pthread_create in pthread - found
-- Found Threads: TRUE  
-- Using Python nosetests: /usr/bin/nosetests-2.7
-- catkin 0.7.29
-- BUILD_SHARED_LIBS is on
-- BUILD_SHARED_LIBS is on
-- ~~~~~~~~~~~~~~~~~~~~~~~~~~~~~~~~~~~~~~~~~~~~~~~~~
-- ~~  traversing 1 packages in topological order:
-- ~~  - comm
-- ~~~~~~~~~~~~~~~~~~~~~~~~~~~~~~~~~~~~~~~~~~~~~~~~~
-- +++ processing catkin package: 'comm'
-- ==> add_subdirectory(comm)
-- Configuring done
-- Generating done
-- Build files have been written to: /home/marius/Mobee-LoomoTesting/build/Project
[35m[1mScanning dependencies of target publisher[0m
[ 50%] [32mBuilding CXX object comm/CMakeFiles/publisher.dir/src/publisher.cpp.o[0m
[100%] [32m[1mLinking CXX executable ../devel/lib/comm/publisher[0m
[100%] Built target publisher
[100%] Built target publisher
[36mInstall the project...[0m
-- Install configuration: ""
-- Installing: /home/marius/Mobee-LoomoTesting/install/Project/_setup_util.py
-- Installing: /home/marius/Mobee-LoomoTesting/install/Project/env.sh
-- Installing: /home/marius/Mobee-LoomoTesting/install/Project/setup.bash
-- Installing: /home/marius/Mobee-LoomoTesting/install/Project/local_setup.bash
-- Installing: /home/marius/Mobee-LoomoTesting/install/Project/setup.sh
-- Installing: /home/marius/Mobee-LoomoTesting/install/Project/local_setup.sh
-- Installing: /home/marius/Mobee-LoomoTesting/install/Project/setup.zsh
-- Installing: /home/marius/Mobee-LoomoTesting/install/Project/local_setup.zsh
-- Installing: /home/marius/Mobee-LoomoTesting/install/Project/.rosinstall
-- Installing: /home/marius/Mobee-LoomoTesting/install/Project/lib/pkgconfig/comm.pc
-- Installing: /home/marius/Mobee-LoomoTesting/install/Project/share/comm/cmake/commConfig.cmake
-- Installing: /home/marius/Mobee-LoomoTesting/install/Project/share/comm/cmake/commConfig-version.cmake
-- Installing: /home/marius/Mobee-LoomoTesting/install/Project/share/comm/package.xml
