[0.009s] Invoking command in '/home/marius/Mobee-LoomoTesting/build/Project': /usr/bin/cmake /home/marius/Mobee-LoomoTesting/ROS/src -DCMAKE_INSTALL_PREFIX=/home/marius/Mobee-LoomoTesting/install/Project
[0.067s] -- The C compiler identification is GNU 7.5.0
[0.121s] -- The CXX compiler identification is GNU 7.5.0
[0.127s] -- Check for working C compiler: /usr/bin/cc
[0.191s] -- Check for working C compiler: /usr/bin/cc -- works
[0.191s] -- Detecting C compiler ABI info
[0.253s] -- Detecting C compiler ABI info - done
[0.259s] -- Detecting C compile features
[0.443s] -- Detecting C compile features - done
[0.447s] -- Check for working CXX compiler: /usr/bin/c++
[0.518s] -- Check for working CXX compiler: /usr/bin/c++ -- works
[0.519s] -- Detecting CXX compiler ABI info
[0.590s] -- Detecting CXX compiler ABI info - done
[0.596s] -- Detecting CXX compile features
[0.927s] -- Detecting CXX compile features - done
[1.062s] -- Using CATKIN_DEVEL_PREFIX: /home/marius/Mobee-LoomoTesting/build/Project/devel
[1.062s] -- Using CMAKE_PREFIX_PATH: /opt/ros/melodic
[1.062s] -- This workspace overlays: /opt/ros/melodic
[1.078s] -- Found PythonInterp: /usr/bin/python2 (found suitable version "2.7.17", minimum required is "2") 
[1.078s] -- Using PYTHON_EXECUTABLE: /usr/bin/python2
[1.078s] -- Using Debian Python package layout
[1.078s] -- Using empy: /usr/bin/empy
[1.202s] -- Using CATKIN_ENABLE_TESTING: ON
[1.202s] -- Call enable_testing()
[1.204s] -- Using CATKIN_TEST_RESULTS_DIR: /home/marius/Mobee-LoomoTesting/build/Project/test_results
[1.225s] -- Found gtest sources under '/usr/src/googletest': gtests will be built
[1.225s] -- Found gmock sources under '/usr/src/googletest': gmock will be built
[1.239s] -- Found PythonInterp: /usr/bin/python2 (found version "2.7.17") 
[1.241s] -- Looking for pthread.h
[1.309s] -- Looking for pthread.h - found
[1.309s] -- Looking for pthread_create
[1.373s] -- Looking for pthread_create - not found
[1.373s] -- Looking for pthread_create in pthreads
[1.428s] -- Looking for pthread_create in pthreads - not found
[1.428s] -- Looking for pthread_create in pthread
[1.500s] -- Looking for pthread_create in pthread - found
[1.502s] -- Found Threads: TRUE  
[1.507s] -- Using Python nosetests: /usr/bin/nosetests-2.7
[1.539s] -- catkin 0.7.29
[1.539s] -- BUILD_SHARED_LIBS is on
[1.622s] -- BUILD_SHARED_LIBS is on
[2.085s] -- ~~~~~~~~~~~~~~~~~~~~~~~~~~~~~~~~~~~~~~~~~~~~~~~~~
[2.085s] -- ~~  traversing 1 packages in topological order:
[2.085s] -- ~~  - comm
[2.085s] -- ~~~~~~~~~~~~~~~~~~~~~~~~~~~~~~~~~~~~~~~~~~~~~~~~~
[2.085s] -- +++ processing catkin package: 'comm'
[2.085s] -- ==> add_subdirectory(comm)
[2.271s] -- Configuring done
[2.291s] -- Generating done
[2.294s] -- Build files have been written to: /home/marius/Mobee-LoomoTesting/build/Project
[2.297s] Invoked command in '/home/marius/Mobee-LoomoTesting/build/Project' returned '0': /usr/bin/cmake /home/marius/Mobee-LoomoTesting/ROS/src -DCMAKE_INSTALL_PREFIX=/home/marius/Mobee-LoomoTesting/install/Project
[2.300s] Invoking command in '/home/marius/Mobee-LoomoTesting/build/Project': /usr/bin/cmake --build /home/marius/Mobee-LoomoTesting/build/Project -- -j12 -l12
[2.339s] [35m[1mScanning dependencies of target publisher[0m
[2.361s] [ 50%] [32mBuilding CXX object comm/CMakeFiles/publisher.dir/src/publisher.cpp.o[0m
[3.409s] [100%] [32m[1mLinking CXX executable ../devel/lib/comm/publisher[0m
[3.503s] [100%] Built target publisher
[3.514s] Invoked command in '/home/marius/Mobee-LoomoTesting/build/Project' returned '0': /usr/bin/cmake --build /home/marius/Mobee-LoomoTesting/build/Project -- -j12 -l12
[3.551s] Invoking command in '/home/marius/Mobee-LoomoTesting/build/Project': /usr/bin/cmake --build /home/marius/Mobee-LoomoTesting/build/Project --target install -- -j12 -l12
[3.601s] [100%] Built target publisher
[3.621s] [36mInstall the project...[0m
[3.626s] -- Install configuration: ""
[3.626s] -- Installing: /home/marius/Mobee-LoomoTesting/install/Project/_setup_util.py
[3.626s] -- Installing: /home/marius/Mobee-LoomoTesting/install/Project/env.sh
[3.626s] -- Installing: /home/marius/Mobee-LoomoTesting/install/Project/setup.bash
[3.626s] -- Installing: /home/marius/Mobee-LoomoTesting/install/Project/local_setup.bash
[3.626s] -- Installing: /home/marius/Mobee-LoomoTesting/install/Project/setup.sh
[3.627s] -- Installing: /home/marius/Mobee-LoomoTesting/install/Project/local_setup.sh
[3.627s] -- Installing: /home/marius/Mobee-LoomoTesting/install/Project/setup.zsh
[3.627s] -- Installing: /home/marius/Mobee-LoomoTesting/install/Project/local_setup.zsh
[3.627s] -- Installing: /home/marius/Mobee-LoomoTesting/install/Project/.rosinstall
[3.627s] -- Installing: /home/marius/Mobee-LoomoTesting/install/Project/lib/pkgconfig/comm.pc
[3.627s] -- Installing: /home/marius/Mobee-LoomoTesting/install/Project/share/comm/cmake/commConfig.cmake
[3.627s] -- Installing: /home/marius/Mobee-LoomoTesting/install/Project/share/comm/cmake/commConfig-version.cmake
[3.627s] -- Installing: /home/marius/Mobee-LoomoTesting/install/Project/share/comm/package.xml
[3.630s] Invoked command in '/home/marius/Mobee-LoomoTesting/build/Project' returned '0': /usr/bin/cmake --build /home/marius/Mobee-LoomoTesting/build/Project --target install -- -j12 -l12
